# JRE version: Java(TM) SE Runtime Environment (8.0_91-b14) (build 1.8.0_91-b14)
# Java VM: Java HotSpot(TM) 64-Bit Server VM (25.91-b14 mixed mode windows-amd64 compressed oops)
Heap:
 PSYoungGen      total 306688K, used 282168K [0x00000000eab00000, 0x00000000fef80000, 0x0000000100000000)
  eden space 283136K, 99% used [0x00000000eab00000,0x00000000fbe8e1d8,0x00000000fbf80000)
  from space 23552K, 0% used [0x00000000fd880000,0x00000000fd880000,0x00000000fef80000)
  to   space 24576K, 0% used [0x00000000fbf80000,0x00000000fbf80000,0x00000000fd780000)
 ParOldGen       total 86528K, used 33648K [0x00000000c0000000, 0x00000000c5480000, 0x00000000eab00000)
  object space 86528K, 38% used [0x00000000c0000000,0x00000000c20dc098,0x00000000c5480000)
 Metaspace       used 55410K, capacity 57892K, committed 62592K, reserved 1103872K
  class space    used 7135K, capacity 8026K, committed 9088K, reserved 1048576K
GC Heap History (10 events):
Event: 7694.198 GC heap before
{Heap before GC invocations=44 (full 10):
 PSYoungGen      total 308736K, used 2631K [0x00000000eab00000, 0x00000000ff380000, 0x0000000100000000)
  eden space 283136K, 0% used [0x00000000eab00000,0x00000000eab00000,0x00000000fbf80000)
  from space 25600K, 10% used [0x00000000fda80000,0x00000000fdd11e30,0x00000000ff380000)
  to   space 26624K, 0% used [0x00000000fbf80000,0x00000000fbf80000,0x00000000fd980000)
 ParOldGen       total 86528K, used 52660K [0x00000000c0000000, 0x00000000c5480000, 0x00000000eab00000)
  object space 86528K, 60% used [0x00000000c0000000,0x00000000c336d160,0x00000000c5480000)
 Metaspace       used 56108K, capacity 59868K, committed 60032K, reserved 1101824K
  class space    used 7392K, capacity 8443K, committed 8576K, reserved 1048576K
Event: 7694.500 GC heap after
Heap after GC invocations=44 (full 10):
 PSYoungGen      total 308736K, used 0K [0x00000000eab00000, 0x00000000ff380000, 0x0000000100000000)
  eden space 283136K, 0% used [0x00000000eab00000,0x00000000eab00000,0x00000000fbf80000)
  from space 25600K, 0% used [0x00000000fda80000,0x00000000fda80000,0x00000000ff380000)
  to   space 26624K, 0% used [0x00000000fbf80000,0x00000000fbf80000,0x00000000fd980000)
 ParOldGen       total 86528K, used 54626K [0x00000000c0000000, 0x00000000c5480000, 0x00000000eab00000)
  object space 86528K, 63% used [0x00000000c0000000,0x00000000c3558830,0x00000000c5480000)
 Metaspace       used 56108K, capacity 59868K, committed 60032K, reserved 1101824K
  class space    used 7392K, capacity 8443K, committed 8576K, reserved 1048576K
}
Event: 7840.230 GC heap before
{Heap before GC invocations=45 (full 10):
 PSYoungGen      total 308736K, used 269676K [0x00000000eab00000, 0x00000000ff380000, 0x0000000100000000)
  eden space 283136K, 95% used [0x00000000eab00000,0x00000000fb25b168,0x00000000fbf80000)
  from space 25600K, 0% used [0x00000000fda80000,0x00000000fda80000,0x00000000ff380000)
  to   space 26624K, 0% used [0x00000000fbf80000,0x00000000fbf80000,0x00000000fd980000)
 ParOldGen       total 86528K, used 54626K [0x00000000c0000000, 0x00000000c5480000, 0x00000000eab00000)
  object space 86528K, 63% used [0x00000000c0000000,0x00000000c3558830,0x00000000c5480000)
 Metaspace       used 56280K, capacity 60214K, committed 60544K, reserved 1101824K
  class space    used 7404K, capacity 8483K, committed 8576K, reserved 1048576K
Event: 7840.235 GC heap after
Heap after GC invocations=45 (full 10):
 PSYoungGen      total 285696K, used 2511K [0x00000000eab00000, 0x00000000ff180000, 0x0000000100000000)
  eden space 283136K, 0% used [0x00000000eab00000,0x00000000eab00000,0x00000000fbf80000)
  from space 2560K, 98% used [0x00000000fbf80000,0x00000000fc1f3c60,0x00000000fc200000)
  to   space 25600K, 0% used [0x00000000fd880000,0x00000000fd880000,0x00000000ff180000)
 ParOldGen       total 86528K, used 54634K [0x00000000c0000000, 0x00000000c5480000, 0x00000000eab00000)
  object space 86528K, 63% used [0x00000000c0000000,0x00000000c355a830,0x00000000c5480000)
 Metaspace       used 56280K, capacity 60214K, committed 60544K, reserved 1101824K
  class space    used 7404K, capacity 8483K, committed 8576K, reserved 1048576K
}
Event: 7840.235 GC heap before
{Heap before GC invocations=46 (full 11):
 PSYoungGen      total 285696K, used 2511K [0x00000000eab00000, 0x00000000ff180000, 0x0000000100000000)
  eden space 283136K, 0% used [0x00000000eab00000,0x00000000eab00000,0x00000000fbf80000)
  from space 2560K, 98% used [0x00000000fbf80000,0x00000000fc1f3c60,0x00000000fc200000)
  to   space 25600K, 0% used [0x00000000fd880000,0x00000000fd880000,0x00000000ff180000)
 ParOldGen       total 86528K, used 54634K [0x00000000c0000000, 0x00000000c5480000, 0x00000000eab00000)
  object space 86528K, 63% used [0x00000000c0000000,0x00000000c355a830,0x00000000c5480000)
 Metaspace       used 56280K, capacity 60214K, committed 60544K, reserved 1101824K
  class space    used 7404K, capacity 8483K, committed 8576K, reserved 1048576K
Event: 7840.422 GC heap after
Heap after GC invocations=46 (full 11):
 PSYoungGen      total 285696K, used 0K [0x00000000eab00000, 0x00000000ff180000, 0x0000000100000000)
  eden space 283136K, 0% used [0x00000000eab00000,0x00000000eab00000,0x00000000fbf80000)
  from space 2560K, 0% used [0x00000000fbf80000,0x00000000fbf80000,0x00000000fc200000)
  to   space 25600K, 0% used [0x00000000fd880000,0x00000000fd880000,0x00000000ff180000)
 ParOldGen       total 86528K, used 54047K [0x00000000c0000000, 0x00000000c5480000, 0x00000000eab00000)
  object space 86528K, 62% used [0x00000000c0000000,0x00000000c34c7e80,0x00000000c5480000)
 Metaspace       used 56261K, capacity 60184K, committed 60544K, reserved 1101824K
  class space    used 7401K, capacity 8478K, committed 8576K, reserved 1048576K
}
Event: 11515.189 GC heap before
{Heap before GC invocations=47 (full 11):
 PSYoungGen      total 285696K, used 191423K [0x00000000eab00000, 0x00000000ff180000, 0x0000000100000000)
  eden space 283136K, 67% used [0x00000000eab00000,0x00000000f65eff90,0x00000000fbf80000)
  from space 2560K, 0% used [0x00000000fbf80000,0x00000000fbf80000,0x00000000fc200000)
  to   space 25600K, 0% used [0x00000000fd880000,0x00000000fd880000,0x00000000ff180000)
 ParOldGen       total 86528K, used 54047K [0x00000000c0000000, 0x00000000c5480000, 0x00000000eab00000)
  object space 86528K, 62% used [0x00000000c0000000,0x00000000c34c7e80,0x00000000c5480000)
 Metaspace       used 57557K, capacity 62340K, committed 62592K, reserved 1103872K
  class space    used 7634K, capacity 8984K, committed 9088K, reserved 1048576K
Event: 11519.618 GC heap after
Heap after GC invocations=47 (full 11):
 PSYoungGen      total 306688K, used 8616K [0x00000000eab00000, 0x00000000fef80000, 0x0000000100000000)
  eden space 283136K, 0% used [0x00000000eab00000,0x00000000eab00000,0x00000000fbf80000)
  from space 23552K, 36% used [0x00000000fd880000,0x00000000fe0ea2f0,0x00000000fef80000)
  to   space 24576K, 0% used [0x00000000fbf80000,0x00000000fbf80000,0x00000000fd780000)
 ParOldGen       total 86528K, used 54055K [0x00000000c0000000, 0x00000000c5480000, 0x00000000eab00000)
  object space 86528K, 62% used [0x00000000c0000000,0x00000000c34c9e80,0x00000000c5480000)
 Metaspace       used 57557K, capacity 62340K, committed 62592K, reserved 1103872K
  class space    used 7634K, capacity 8984K, committed 9088K, reserved 1048576K
}
Event: 11519.618 GC heap before
{Heap before GC invocations=48 (full 12):
 PSYoungGen      total 306688K, used 8616K [0x00000000eab00000, 0x00000000fef80000, 0x0000000100000000)
  eden space 283136K, 0% used [0x00000000eab00000,0x00000000eab00000,0x00000000fbf80000)
  from space 23552K, 36% used [0x00000000fd880000,0x00000000fe0ea2f0,0x00000000fef80000)
  to   space 24576K, 0% used [0x00000000fbf80000,0x00000000fbf80000,0x00000000fd780000)
 ParOldGen       total 86528K, used 54055K [0x00000000c0000000, 0x00000000c5480000, 0x00000000eab00000)
  object space 86528K, 62% used [0x00000000c0000000,0x00000000c34c9e80,0x00000000c5480000)
 Metaspace       used 57557K, capacity 62340K, committed 62592K, reserved 1103872K
  class space    used 7634K, capacity 8984K, committed 9088K, reserved 1048576K
Event: 11531.975 GC heap after
Heap after GC invocations=48 (full 12):
 PSYoungGen      total 306688K, used 0K [0x00000000eab00000, 0x00000000fef80000, 0x0000000100000000)
  eden space 283136K, 0% used [0x00000000eab00000,0x00000000eab00000,0x00000000fbf80000)
  from space 23552K, 0% used [0x00000000fd880000,0x00000000fd880000,0x00000000fef80000)
  to   space 24576K, 0% used [0x00000000fbf80000,0x00000000fbf80000,0x00000000fd780000)
 ParOldGen       total 86528K, used 33648K [0x00000000c0000000, 0x00000000c5480000, 0x00000000eab00000)
  object space 86528K, 38% used [0x00000000c0000000,0x00000000c20dc098,0x00000000c5480000)
 Metaspace       used 54510K, capacity 56278K, committed 62592K, reserved 1103872K
  class space    used 6852K, capacity 7438K, committed 9088K, reserved 1048576K
}

